<?xml version="1.0" encoding="UTF-8"?>
<testng-results ignored="0" total="2" passed="1" failed="1" skipped="0">
  <reporter-output>
  </reporter-output>
  <suite started-at="2023-09-13T18:13:55 IST" name="Suite" finished-at="2023-09-13T18:16:36 IST" duration-ms="161141">
    <groups>
    </groups>
    <test started-at="2023-09-13T18:13:55 IST" name="Shopkey Android App Test" finished-at="2023-09-13T18:16:36 IST" duration-ms="161141">
      <class name="Tests.AddProducts">
        <test-method is-config="true" signature="setUp()[pri:0, instance:Tests.AddProducts@618b19ad]" started-at="2023-09-13T18:13:55 IST" name="setUp" finished-at="2023-09-13T18:14:08 IST" duration-ms="12833" status="PASS">
          <reporter-output>
          </reporter-output>
        </test-method> <!-- setUp -->
        <test-method signature="AddSimpleProduct()[pri:0, instance:Tests.AddProducts@618b19ad]" started-at="2023-09-13T18:14:08 IST" name="AddSimpleProduct" finished-at="2023-09-13T18:14:46 IST" duration-ms="37581" status="PASS">
          <reporter-output>
          </reporter-output>
        </test-method> <!-- AddSimpleProduct -->
        <test-method is-config="true" signature="tearDown()[pri:0, instance:Tests.AddProducts@618b19ad]" started-at="2023-09-13T18:14:46 IST" name="tearDown" finished-at="2023-09-13T18:14:46 IST" duration-ms="1" status="PASS">
          <reporter-output>
          </reporter-output>
        </test-method> <!-- tearDown -->
      </class> <!-- Tests.AddProducts -->
      <class name="Tests.Placeorder">
        <test-method is-config="true" signature="setUp()[pri:0, instance:Tests.Placeorder@dd05255]" started-at="2023-09-13T18:14:46 IST" name="setUp" finished-at="2023-09-13T18:14:55 IST" duration-ms="9014" status="PASS">
          <reporter-output>
          </reporter-output>
        </test-method> <!-- setUp -->
        <test-method signature="DemoPlacingOrders()[pri:0, instance:Tests.Placeorder@dd05255]" started-at="2023-09-13T18:14:55 IST" name="DemoPlacingOrders" finished-at="2023-09-13T18:16:36 IST" duration-ms="101557" status="FAIL">
          <exception class="org.openqa.selenium.NoSuchElementException">
            <message>
              <![CDATA[An element could not be located on the page using the given search parameters.
For documentation on this error, please visit: https://www.selenium.dev/documentation/webdriver/troubleshooting/errors#no-such-element-exception
Build info: version: '4.12.1', revision: '8e34639b11'
System info: os.name: 'Windows 11', os.arch: 'amd64', os.version: '10.0', java.version: '17.0.8'
Driver info: io.appium.java_client.android.AndroidDriver
Command: [5f13a681-49b6-4315-be5e-e5e2a015d4d1, findElement {using=xpath, value=/hierarchy/android.widget.FrameLayout/android.widget.LinearLayout/android.widget.FrameLayout/android.widget.FrameLayout/android.widget.FrameLayout/android.view.ViewGroup/android.widget.FrameLayout[1]/android.widget.FrameLayout[2]/android.webkit.WebView/android.view.View/android.view.View/android.view.View[2]/android.view.View[4]/android.widget.Button[5]}]
Capabilities {appium:appActivity: com.bitnudge.ime.parent.vie..., appium:appPackage: com.bitnudge.ime.shopkey.sh..., appium:automationName: UiAutomator2, appium:databaseEnabled: false, appium:desired: {appActivity: com.bitnudge.ime.parent.vie..., appPackage: com.bitnudge.ime.shopkey.sh..., automationName: UiAutomator2, deviceName: Infinix, platformName: ANDROID, reportDirectory: reports, reportFormat: xml, testName: Placing the Order, udid: 084113125P054404}, appium:deviceApiLevel: 30, appium:deviceManufacturer: INFINIX MOBILITY LIMITED, appium:deviceModel: Infinix X6816C, appium:deviceName: 084113125P054404, appium:deviceScreenDensity: 320, appium:deviceScreenSize: 720x1640, appium:deviceUDID: 084113125P054404, appium:javascriptEnabled: true, appium:locationContextEnabled: false, appium:networkConnectionEnabled: true, appium:pixelRatio: 2, appium:platformVersion: 11, appium:reportDirectory: reports, appium:reportFormat: xml, appium:statBarHeight: 72, appium:takesScreenshot: true, appium:testName: Placing the Order, appium:udid: 084113125P054404, appium:viewportRect: {height: 1400, left: 0, top: 72, width: 720}, appium:warnings: {}, appium:webStorageEnabled: false, platformName: ANDROID}
Session ID: 5f13a681-49b6-4315-be5e-e5e2a015d4d1]]>
            </message>
            <full-stacktrace>
              <![CDATA[org.openqa.selenium.NoSuchElementException: An element could not be located on the page using the given search parameters.
For documentation on this error, please visit: https://www.selenium.dev/documentation/webdriver/troubleshooting/errors#no-such-element-exception
Build info: version: '4.12.1', revision: '8e34639b11'
System info: os.name: 'Windows 11', os.arch: 'amd64', os.version: '10.0', java.version: '17.0.8'
Driver info: io.appium.java_client.android.AndroidDriver
Command: [5f13a681-49b6-4315-be5e-e5e2a015d4d1, findElement {using=xpath, value=/hierarchy/android.widget.FrameLayout/android.widget.LinearLayout/android.widget.FrameLayout/android.widget.FrameLayout/android.widget.FrameLayout/android.view.ViewGroup/android.widget.FrameLayout[1]/android.widget.FrameLayout[2]/android.webkit.WebView/android.view.View/android.view.View/android.view.View[2]/android.view.View[4]/android.widget.Button[5]}]
Capabilities {appium:appActivity: com.bitnudge.ime.parent.vie..., appium:appPackage: com.bitnudge.ime.shopkey.sh..., appium:automationName: UiAutomator2, appium:databaseEnabled: false, appium:desired: {appActivity: com.bitnudge.ime.parent.vie..., appPackage: com.bitnudge.ime.shopkey.sh..., automationName: UiAutomator2, deviceName: Infinix, platformName: ANDROID, reportDirectory: reports, reportFormat: xml, testName: Placing the Order, udid: 084113125P054404}, appium:deviceApiLevel: 30, appium:deviceManufacturer: INFINIX MOBILITY LIMITED, appium:deviceModel: Infinix X6816C, appium:deviceName: 084113125P054404, appium:deviceScreenDensity: 320, appium:deviceScreenSize: 720x1640, appium:deviceUDID: 084113125P054404, appium:javascriptEnabled: true, appium:locationContextEnabled: false, appium:networkConnectionEnabled: true, appium:pixelRatio: 2, appium:platformVersion: 11, appium:reportDirectory: reports, appium:reportFormat: xml, appium:statBarHeight: 72, appium:takesScreenshot: true, appium:testName: Placing the Order, appium:udid: 084113125P054404, appium:viewportRect: {height: 1400, left: 0, top: 72, width: 720}, appium:warnings: {}, appium:webStorageEnabled: false, platformName: ANDROID}
Session ID: 5f13a681-49b6-4315-be5e-e5e2a015d4d1
at java.base/jdk.internal.reflect.NativeConstructorAccessorImpl.newInstance0(Native Method)
at java.base/jdk.internal.reflect.NativeConstructorAccessorImpl.newInstance(NativeConstructorAccessorImpl.java:77)
at java.base/jdk.internal.reflect.DelegatingConstructorAccessorImpl.newInstance(DelegatingConstructorAccessorImpl.java:45)
at java.base/java.lang.reflect.Constructor.newInstanceWithCaller(Constructor.java:499)
at java.base/java.lang.reflect.Constructor.newInstance(Constructor.java:480)
at org.openqa.selenium.remote.codec.w3c.W3CHttpResponseCodec.createException(W3CHttpResponseCodec.java:200)
at org.openqa.selenium.remote.codec.w3c.W3CHttpResponseCodec.decode(W3CHttpResponseCodec.java:133)
at org.openqa.selenium.remote.codec.w3c.W3CHttpResponseCodec.decode(W3CHttpResponseCodec.java:52)
at org.openqa.selenium.remote.HttpCommandExecutor.execute(HttpCommandExecutor.java:191)
at io.appium.java_client.remote.AppiumCommandExecutor.execute(AppiumCommandExecutor.java:250)
at org.openqa.selenium.remote.RemoteWebDriver.execute(RemoteWebDriver.java:602)
at org.openqa.selenium.remote.ElementLocation$ElementFinder$2.findElement(ElementLocation.java:165)
at org.openqa.selenium.remote.ElementLocation.findElement(ElementLocation.java:59)
at org.openqa.selenium.remote.RemoteWebDriver.findElement(RemoteWebDriver.java:359)
at org.openqa.selenium.remote.RemoteWebDriver.findElement(RemoteWebDriver.java:353)
at Tests.Placeorder.DemoPlacingOrders(Placeorder.java:123)
at java.base/jdk.internal.reflect.NativeMethodAccessorImpl.invoke0(Native Method)
at java.base/jdk.internal.reflect.NativeMethodAccessorImpl.invoke(NativeMethodAccessorImpl.java:77)
at java.base/jdk.internal.reflect.DelegatingMethodAccessorImpl.invoke(DelegatingMethodAccessorImpl.java:43)
at java.base/java.lang.reflect.Method.invoke(Method.java:568)
at org.testng.internal.invokers.MethodInvocationHelper.invokeMethod(MethodInvocationHelper.java:139)
at org.testng.internal.invokers.TestInvoker.invokeMethod(TestInvoker.java:664)
at org.testng.internal.invokers.TestInvoker.invokeTestMethod(TestInvoker.java:227)
at org.testng.internal.invokers.MethodRunner.runInSequence(MethodRunner.java:50)
at org.testng.internal.invokers.TestInvoker$MethodInvocationAgent.invoke(TestInvoker.java:957)
at org.testng.internal.invokers.TestInvoker.invokeTestMethods(TestInvoker.java:200)
at org.testng.internal.invokers.TestMethodWorker.invokeTestMethods(TestMethodWorker.java:148)
at org.testng.internal.invokers.TestMethodWorker.run(TestMethodWorker.java:128)
at java.base/java.util.ArrayList.forEach(ArrayList.java:1511)
at org.testng.TestRunner.privateRun(TestRunner.java:848)
at org.testng.TestRunner.run(TestRunner.java:621)
at org.testng.SuiteRunner.runTest(SuiteRunner.java:443)
at org.testng.SuiteRunner.runSequentially(SuiteRunner.java:437)
at org.testng.SuiteRunner.privateRun(SuiteRunner.java:397)
at org.testng.SuiteRunner.run(SuiteRunner.java:336)
at org.testng.SuiteRunnerWorker.runSuite(SuiteRunnerWorker.java:52)
at org.testng.SuiteRunnerWorker.run(SuiteRunnerWorker.java:95)
at org.testng.TestNG.runSuitesSequentially(TestNG.java:1280)
at org.testng.TestNG.runSuitesLocally(TestNG.java:1200)
at org.testng.TestNG.runSuites(TestNG.java:1114)
at org.testng.TestNG.run(TestNG.java:1082)
at org.testng.remote.AbstractRemoteTestNG.run(AbstractRemoteTestNG.java:115)
at org.testng.remote.RemoteTestNG.initAndRun(RemoteTestNG.java:251)
at org.testng.remote.RemoteTestNG.main(RemoteTestNG.java:77)
]]>
            </full-stacktrace>
          </exception> <!-- org.openqa.selenium.NoSuchElementException -->
          <reporter-output>
          </reporter-output>
        </test-method> <!-- DemoPlacingOrders -->
        <test-method is-config="true" signature="tearDown()[pri:0, instance:Tests.Placeorder@dd05255]" started-at="2023-09-13T18:16:36 IST" name="tearDown" finished-at="2023-09-13T18:16:36 IST" duration-ms="1" status="PASS">
          <reporter-output>
          </reporter-output>
        </test-method> <!-- tearDown -->
      </class> <!-- Tests.Placeorder -->
    </test> <!-- Shopkey Android App Test -->
  </suite> <!-- Suite -->
</testng-results>
