<?xml version="1.0" encoding="UTF-8"?>
<!-- Generated by org.testng.reporters.JUnitXMLReporter -->
<testsuite ignored="0" hostname="LAPTOP-DLCP2JCN" failures="1" tests="2" name="Shopkey Android App Test" time="161.141" errors="0" timestamp="2023-09-13T18:16:36 IST">
  <testcase classname="Tests.AddProducts" name="AddSimpleProduct" time="37.581"/>
  <testcase classname="Tests.Placeorder" name="DemoPlacingOrders" time="101.557">
    <failure type="org.openqa.selenium.NoSuchElementException" message="An element could not be located on the page using the given search parameters.
For documentation on this error, please visit: https://www.selenium.dev/documentation/webdriver/troubleshooting/errors#no-such-element-exception
Build info: version: &amp;apos;4.12.1&amp;apos;, revision: &amp;apos;8e34639b11&amp;apos;
System info: os.name: &amp;apos;Windows 11&amp;apos;, os.arch: &amp;apos;amd64&amp;apos;, os.version: &amp;apos;10.0&amp;apos;, java.version: &amp;apos;17.0.8&amp;apos;
Driver info: io.appium.java_client.android.AndroidDriver
Command: [5f13a681-49b6-4315-be5e-e5e2a015d4d1, findElement {using=xpath, value=/hierarchy/android.widget.FrameLayout/android.widget.LinearLayout/android.widget.FrameLayout/android.widget.FrameLayout/android.widget.FrameLayout/android.view.ViewGroup/android.widget.FrameLayout[1]/android.widget.FrameLayout[2]/android.webkit.WebView/android.view.View/android.view.View/android.view.View[2]/android.view.View[4]/android.widget.Button[5]}]
Capabilities {appium:appActivity: com.bitnudge.ime.parent.vie..., appium:appPackage: com.bitnudge.ime.shopkey.sh..., appium:automationName: UiAutomator2, appium:databaseEnabled: false, appium:desired: {appActivity: com.bitnudge.ime.parent.vie..., appPackage: com.bitnudge.ime.shopkey.sh..., automationName: UiAutomator2, deviceName: Infinix, platformName: ANDROID, reportDirectory: reports, reportFormat: xml, testName: Placing the Order, udid: 084113125P054404}, appium:deviceApiLevel: 30, appium:deviceManufacturer: INFINIX MOBILITY LIMITED, appium:deviceModel: Infinix X6816C, appium:deviceName: 084113125P054404, appium:deviceScreenDensity: 320, appium:deviceScreenSize: 720x1640, appium:deviceUDID: 084113125P054404, appium:javascriptEnabled: true, appium:locationContextEnabled: false, appium:networkConnectionEnabled: true, appium:pixelRatio: 2, appium:platformVersion: 11, appium:reportDirectory: reports, appium:reportFormat: xml, appium:statBarHeight: 72, appium:takesScreenshot: true, appium:testName: Placing the Order, appium:udid: 084113125P054404, appium:viewportRect: {height: 1400, left: 0, top: 72, width: 720}, appium:warnings: {}, appium:webStorageEnabled: false, platformName: ANDROID}
Session ID: 5f13a681-49b6-4315-be5e-e5e2a015d4d1">
      <![CDATA[org.openqa.selenium.NoSuchElementException: An element could not be located on the page using the given search parameters.
For documentation on this error, please visit: https://www.selenium.dev/documentation/webdriver/troubleshooting/errors#no-such-element-exception
Build info: version: '4.12.1', revision: '8e34639b11'
System info: os.name: 'Windows 11', os.arch: 'amd64', os.version: '10.0', java.version: '17.0.8'
Driver info: io.appium.java_client.android.AndroidDriver
Command: [5f13a681-49b6-4315-be5e-e5e2a015d4d1, findElement {using=xpath, value=/hierarchy/android.widget.FrameLayout/android.widget.LinearLayout/android.widget.FrameLayout/android.widget.FrameLayout/android.widget.FrameLayout/android.view.ViewGroup/android.widget.FrameLayout[1]/android.widget.FrameLayout[2]/android.webkit.WebView/android.view.View/android.view.View/android.view.View[2]/android.view.View[4]/android.widget.Button[5]}]
Capabilities {appium:appActivity: com.bitnudge.ime.parent.vie..., appium:appPackage: com.bitnudge.ime.shopkey.sh..., appium:automationName: UiAutomator2, appium:databaseEnabled: false, appium:desired: {appActivity: com.bitnudge.ime.parent.vie..., appPackage: com.bitnudge.ime.shopkey.sh..., automationName: UiAutomator2, deviceName: Infinix, platformName: ANDROID, reportDirectory: reports, reportFormat: xml, testName: Placing the Order, udid: 084113125P054404}, appium:deviceApiLevel: 30, appium:deviceManufacturer: INFINIX MOBILITY LIMITED, appium:deviceModel: Infinix X6816C, appium:deviceName: 084113125P054404, appium:deviceScreenDensity: 320, appium:deviceScreenSize: 720x1640, appium:deviceUDID: 084113125P054404, appium:javascriptEnabled: true, appium:locationContextEnabled: false, appium:networkConnectionEnabled: true, appium:pixelRatio: 2, appium:platformVersion: 11, appium:reportDirectory: reports, appium:reportFormat: xml, appium:statBarHeight: 72, appium:takesScreenshot: true, appium:testName: Placing the Order, appium:udid: 084113125P054404, appium:viewportRect: {height: 1400, left: 0, top: 72, width: 720}, appium:warnings: {}, appium:webStorageEnabled: false, platformName: ANDROID}
Session ID: 5f13a681-49b6-4315-be5e-e5e2a015d4d1
at org.openqa.selenium.remote.codec.w3c.W3CHttpResponseCodec.createException(W3CHttpResponseCodec.java:200)
at org.openqa.selenium.remote.codec.w3c.W3CHttpResponseCodec.decode(W3CHttpResponseCodec.java:133)
at org.openqa.selenium.remote.codec.w3c.W3CHttpResponseCodec.decode(W3CHttpResponseCodec.java:52)
at org.openqa.selenium.remote.HttpCommandExecutor.execute(HttpCommandExecutor.java:191)
at io.appium.java_client.remote.AppiumCommandExecutor.execute(AppiumCommandExecutor.java:250)
at org.openqa.selenium.remote.RemoteWebDriver.execute(RemoteWebDriver.java:602)
at org.openqa.selenium.remote.ElementLocation$ElementFinder$2.findElement(ElementLocation.java:165)
at org.openqa.selenium.remote.ElementLocation.findElement(ElementLocation.java:59)
at org.openqa.selenium.remote.RemoteWebDriver.findElement(RemoteWebDriver.java:359)
at org.openqa.selenium.remote.RemoteWebDriver.findElement(RemoteWebDriver.java:353)
at Tests.Placeorder.DemoPlacingOrders(Placeorder.java:123)
at java.base/java.util.ArrayList.forEach(ArrayList.java:1511)
... Removed 32 stack frames]]>
    </failure>
  </testcase> <!-- DemoPlacingOrders -->
</testsuite> <!-- Shopkey Android App Test -->
